May 23, 2020

Refactor drawBlock function, we do a check inside here but we should
modularize the check function and return the valid positioning.

Block
    - color (string)
    - position (tuple 0, 0)
    - rotation (num 0, 1, 2, 3)

    getters
    - x
    - y

    methods
    - shiftX
    - shiftY
    - rotateLeft
    - rotateRight

Board
    - grid
    
    getters

    methods
    - getDropPosition(block)
    - clearLines()
    - 

May 24, 2020

x Code game over function
X Fix initial positions, spawn position
x Kicks? (bonus points)
Disable sound on esc
time limit for placement
fix colors
x hold piece, incoming pieces
https://p5js.org/learn/color.html
